<?xml version="1.0" encoding="utf-8"?><testsuites name="pytest tests"><testsuite name="pytest" errors="0" failures="3" skipped="0" tests="55" time="1.012" timestamp="2025-07-17T17:57:23.380197-07:00" hostname="BRIANs-MacBook-Air.local"><testcase classname="tests.test_mcq_prompts.TestRefinedMaterialExtractionPrompt" name="test_prompt_initialization" time="0.000" /><testcase classname="tests.test_mcq_prompts.TestRefinedMaterialExtractionPrompt" name="test_generate_prompt_basic" time="0.000" /><testcase classname="tests.test_mcq_prompts.TestRefinedMaterialExtractionPrompt" name="test_generate_prompt_with_optional_params" time="0.000" /><testcase classname="tests.test_mcq_prompts.TestRefinedMaterialExtractionPrompt" name="test_generate_prompt_missing_required_param" time="0.000" /><testcase classname="tests.test_mcq_prompts.TestRefinedMaterialExtractionPrompt" name="test_instructions_contain_json_format" time="0.000" /><testcase classname="tests.test_mcq_prompts.TestSingleMCQCreationPrompt" name="test_prompt_initialization" time="0.000" /><testcase classname="tests.test_mcq_prompts.TestSingleMCQCreationPrompt" name="test_generate_prompt_basic" time="0.000" /><testcase classname="tests.test_mcq_prompts.TestSingleMCQCreationPrompt" name="test_generate_prompt_with_all_params" time="0.000" /><testcase classname="tests.test_mcq_prompts.TestSingleMCQCreationPrompt" name="test_generate_prompt_missing_required_param" time="0.000" /><testcase classname="tests.test_mcq_prompts.TestSingleMCQCreationPrompt" name="test_instructions_contain_mcq_guidelines" time="0.000" /><testcase classname="tests.test_mcq_prompts.TestMCQEvaluationPrompt" name="test_prompt_initialization" time="0.000" /><testcase classname="tests.test_mcq_prompts.TestMCQEvaluationPrompt" name="test_generate_prompt_basic" time="0.000" /><testcase classname="tests.test_mcq_prompts.TestMCQEvaluationPrompt" name="test_generate_prompt_with_dict_options" time="0.000" /><testcase classname="tests.test_mcq_prompts.TestMCQEvaluationPrompt" name="test_generate_prompt_with_all_params" time="0.000" /><testcase classname="tests.test_mcq_prompts.TestMCQEvaluationPrompt" name="test_generate_prompt_missing_required_param" time="0.000" /><testcase classname="tests.test_mcq_prompts.TestMCQEvaluationPrompt" name="test_instructions_contain_evaluation_criteria" time="0.000" /><testcase classname="tests.test_mcq_prompts.TestPromptIntegration" name="test_prompt_name_uniqueness" time="0.000" /><testcase classname="tests.test_mcq_prompts.TestPromptIntegration" name="test_message_format_consistency" time="0.000" /><testcase classname="tests.test_mcq_prompts.TestPromptIntegration" name="test_json_output_format_specification" time="0.000" /><testcase classname="tests.test_mcq_script.TestMCQScriptCLI" name="test_script_argument_parsing" time="0.003" /><testcase classname="tests.test_mcq_script.TestMCQScriptCLI" name="test_script_file_validation" time="0.158" /><testcase classname="tests.test_mcq_script.TestMCQScriptCLI" name="test_script_missing_file_error" time="0.001" /><testcase classname="tests.test_mcq_script.TestMCQScriptCLI" name="test_script_empty_file_error" time="0.002" /><testcase classname="tests.test_mcq_script.TestMCQScriptCLI" name="test_script_successful_execution" time="0.009"><failure message="AssertionError: print('✓ Successfully created 2 MCQs') call not found">tests/test_mcq_script.py:241: in test_script_successful_execution
    mock_print.assert_any_call("✓ Successfully created 2 MCQs")
/Library/Frameworks/Python.framework/Versions/3.11/lib/python3.11/unittest/mock.py:1004: in assert_any_call
    raise AssertionError(
E   AssertionError: print('✓ Successfully created 2 MCQs') call not found</failure></testcase><testcase classname="tests.test_mcq_script.TestMCQScriptCLI" name="test_script_with_verbose_output" time="0.009"><failure message="AssertionError: print('\nTopics covered:') call not found">tests/test_mcq_script.py:282: in test_script_with_verbose_output
    mock_print.assert_any_call("\nTopics covered:")
/Library/Frameworks/Python.framework/Versions/3.11/lib/python3.11/unittest/mock.py:1004: in assert_any_call
    raise AssertionError(
E   AssertionError: print('\nTopics covered:') call not found</failure></testcase><testcase classname="tests.test_mcq_script.TestMCQScriptCLI" name="test_script_error_handling" time="0.009" /><testcase classname="tests.test_mcq_script.TestMCQScriptCLI" name="test_script_default_output_file" time="0.009"><failure message="AssertionError: print('✓ Results saved to: mcqs_output.json') call not found">tests/test_mcq_script.py:358: in test_script_default_output_file
    mock_print.assert_any_call(f"✓ Results saved to: {default_output}")
/Library/Frameworks/Python.framework/Versions/3.11/lib/python3.11/unittest/mock.py:1004: in assert_any_call
    raise AssertionError(
E   AssertionError: print('✓ Results saved to: mcqs_output.json') call not found</failure></testcase><testcase classname="tests.test_mcq_script.TestMCQScriptIntegration" name="test_script_import_paths" time="0.000" /><testcase classname="tests.test_mcq_script.TestMCQScriptIntegration" name="test_script_executable_permissions" time="0.000" /><testcase classname="tests.test_mcq_script.TestMCQScriptIntegration" name="test_script_help_output" time="0.002" /><testcase classname="tests.test_mcq_service.TestMCQService" name="test_service_initialization" time="0.000" /><testcase classname="tests.test_mcq_service.TestMCQService" name="test_extract_refined_material_success" time="0.001" /><testcase classname="tests.test_mcq_service.TestMCQService" name="test_extract_refined_material_invalid_json" time="0.001" /><testcase classname="tests.test_mcq_service.TestMCQService" name="test_create_single_mcq_success" time="0.001" /><testcase classname="tests.test_mcq_service.TestMCQService" name="test_create_single_mcq_invalid_json" time="0.001" /><testcase classname="tests.test_mcq_service.TestMCQService" name="test_evaluate_mcq_success" time="0.001" /><testcase classname="tests.test_mcq_service.TestMCQService" name="test_evaluate_mcq_invalid_json" time="0.001" /><testcase classname="tests.test_mcq_service.TestMCQService" name="test_create_mcqs_from_text_success" time="0.001" /><testcase classname="tests.test_mcq_service.TestMCQService" name="test_create_mcqs_from_text_with_mcq_error" time="0.002" /><testcase classname="tests.test_mcq_service.TestMCQService" name="test_save_refined_material_as_component" time="0.004" /><testcase classname="tests.test_mcq_service.TestMCQService" name="test_save_mcq_as_component" time="0.000" /><testcase classname="tests.test_mcq_service.TestMCQService" name="test_save_mcq_as_component_title_truncation" time="0.000" /><testcase classname="tests.test_mcq_service.TestMCQService" name="test_convert_mcq_to_index_format_success" time="0.000" /><testcase classname="tests.test_mcq_service.TestMCQService" name="test_convert_mcq_to_index_format_with_whitespace" time="0.000" /><testcase classname="tests.test_mcq_service.TestMCQService" name="test_convert_mcq_to_index_format_not_found" time="0.000" /><testcase classname="tests.test_mcq_service.TestMCQServiceIntegration" name="test_full_pipeline_with_realistic_data" time="0.002" /><testcase classname="tests.test_orchestrator_mcq.TestTopicOrchestratorMCQ" name="test_orchestrator_has_mcq_service" time="0.000" /><testcase classname="tests.test_orchestrator_mcq.TestTopicOrchestratorMCQ" name="test_create_mcqs_from_unstructured_material_success" time="0.001" /><testcase classname="tests.test_orchestrator_mcq.TestTopicOrchestratorMCQ" name="test_create_mcqs_from_unstructured_material_with_optional_params" time="0.001" /><testcase classname="tests.test_orchestrator_mcq.TestTopicOrchestratorMCQ" name="test_create_mcqs_from_unstructured_material_error_handling" time="0.001" /><testcase classname="tests.test_orchestrator_mcq.TestTopicOrchestratorMCQ" name="test_create_mcqs_logs_correctly" time="0.002" /><testcase classname="tests.test_orchestrator_mcq.TestTopicOrchestratorMCQ" name="test_mcq_title_generation" time="0.001" /><testcase classname="tests.test_orchestrator_mcq.TestTopicOrchestratorMCQ" name="test_timing_metadata" time="0.001" /><testcase classname="tests.test_orchestrator_mcq.TestTopicOrchestratorMCQ" name="test_integration_with_existing_orchestrator" time="0.002" /><testcase classname="tests.test_orchestrator_mcq.TestTopicOrchestratorMCQIntegration" name="test_realistic_mcq_creation_workflow" time="0.001" /></testsuite></testsuites>